2025-08-27 12:14:29,681 - INFO - Loaded encoding for ajith.jpg
2025-08-27 12:14:29,975 - INFO - Loaded encoding for dhanush.jpg
2025-08-27 12:14:30,261 - INFO - Loaded encoding for surya.jpg
2025-08-27 12:14:30,905 - INFO - Loaded encoding for vijay.jpg
2025-08-27 12:14:32,051 - INFO - Camera opened successfully
2025-08-27 12:14:32,646 - INFO - Frame processed in 595.21 ms (FPS: 1.68), CPU: 13.3%, Memory: 202.64 MB
2025-08-27 12:14:33,119 - INFO - Frame processed in 316.17 ms (FPS: 3.16), CPU: 37.1%, Memory: 208.55 MB
2025-08-27 12:14:33,404 - INFO - Frame processed in 268.70 ms (FPS: 3.72), CPU: 13.2%, Memory: 208.57 MB
2025-08-27 12:14:33,705 - INFO - Frame processed in 285.31 ms (FPS: 3.50), CPU: 7.0%, Memory: 208.57 MB
2025-08-27 12:14:34,022 - INFO - Frame processed in 301.09 ms (FPS: 3.32), CPU: 12.2%, Memory: 208.57 MB
2025-08-27 12:14:34,323 - INFO - Frame processed in 284.53 ms (FPS: 3.51), CPU: 11.3%, Memory: 208.57 MB
2025-08-27 12:14:34,623 - INFO - Frame processed in 284.60 ms (FPS: 3.51), CPU: 5.9%, Memory: 208.57 MB
2025-08-27 12:14:34,940 - INFO - Frame processed in 301.13 ms (FPS: 3.32), CPU: 8.7%, Memory: 208.57 MB
2025-08-27 12:14:35,256 - INFO - Frame processed in 299.84 ms (FPS: 3.34), CPU: 12.2%, Memory: 208.57 MB
2025-08-27 12:14:35,589 - INFO - Frame processed in 317.11 ms (FPS: 3.15), CPU: 9.5%, Memory: 208.57 MB
2025-08-27 12:14:35,921 - INFO - Frame processed in 316.45 ms (FPS: 3.16), CPU: 13.1%, Memory: 208.57 MB
2025-08-27 12:14:36,238 - INFO - Frame processed in 300.40 ms (FPS: 3.33), CPU: 16.0%, Memory: 208.57 MB
2025-08-27 12:14:36,538 - INFO - Frame processed in 284.38 ms (FPS: 3.52), CPU: 3.6%, Memory: 208.57 MB
2025-08-27 12:14:36,570 - INFO - Frame processed in 15.80 ms (FPS: 63.29), CPU: 5.6%, Memory: 208.57 MB
2025-08-27 12:14:36,602 - INFO - Frame processed in 16.19 ms (FPS: 61.78), CPU: 20.0%, Memory: 208.57 MB
2025-08-27 12:21:29,404 - INFO - Loaded encoding for ajith.jpg
2025-08-27 12:21:29,704 - INFO - Loaded encoding for dhanush.jpg
2025-08-27 12:21:30,020 - INFO - Loaded encoding for surya.jpg
2025-08-27 12:21:30,713 - INFO - Loaded encoding for vijay.jpg
2025-08-27 12:21:31,980 - INFO - Camera opened successfully
2025-08-27 12:21:32,281 - INFO - Frame processed in 300.98 ms (FPS: 3.32), CPU: 11.7%, Memory: 197.43 MB
2025-08-27 12:21:32,355 - INFO - Frame processed in 18.68 ms (FPS: 53.54), CPU: 21.1%, Memory: 203.93 MB
2025-08-27 12:21:32,386 - INFO - Frame processed in 15.93 ms (FPS: 62.76), CPU: 15.4%, Memory: 204.16 MB
2025-08-27 12:21:32,418 - INFO - Frame processed in 15.67 ms (FPS: 63.82), CPU: 3.2%, Memory: 204.18 MB
2025-08-27 12:21:32,457 - INFO - Frame processed in 23.89 ms (FPS: 41.86), CPU: 27.3%, Memory: 204.18 MB
2025-08-27 12:21:32,487 - INFO - Frame processed in 21.83 ms (FPS: 45.81), CPU: 6.1%, Memory: 204.18 MB
2025-08-27 12:21:32,513 - INFO - Frame processed in 15.92 ms (FPS: 62.82), CPU: 20.0%, Memory: 204.19 MB
2025-08-27 12:21:32,553 - INFO - Frame processed in 24.01 ms (FPS: 41.65), CPU: 9.4%, Memory: 204.20 MB
2025-08-27 12:21:32,590 - INFO - Frame processed in 25.47 ms (FPS: 39.26), CPU: 18.4%, Memory: 204.20 MB
2025-08-27 12:21:32,630 - INFO - Frame processed in 28.08 ms (FPS: 35.61), CPU: 20.7%, Memory: 204.20 MB
2025-08-27 12:21:33,022 - INFO - Frame processed in 384.43 ms (FPS: 2.60), CPU: 19.2%, Memory: 205.85 MB
2025-08-27 12:21:33,337 - INFO - Frame processed in 312.15 ms (FPS: 3.20), CPU: 21.2%, Memory: 205.85 MB
2025-08-27 12:21:33,654 - INFO - Frame processed in 300.91 ms (FPS: 3.32), CPU: 12.8%, Memory: 205.85 MB
2025-08-27 12:21:33,955 - INFO - Frame processed in 285.29 ms (FPS: 3.51), CPU: 5.6%, Memory: 205.85 MB
2025-08-27 12:21:34,257 - INFO - Frame processed in 285.65 ms (FPS: 3.50), CPU: 9.9%, Memory: 205.85 MB
2025-08-27 12:21:34,607 - INFO - Frame processed in 317.93 ms (FPS: 3.15), CPU: 16.5%, Memory: 205.85 MB
2025-08-27 12:21:34,911 - INFO - Frame processed in 287.97 ms (FPS: 3.47), CPU: 9.2%, Memory: 205.85 MB
2025-08-27 12:21:35,258 - INFO - Frame processed in 332.67 ms (FPS: 3.01), CPU: 7.8%, Memory: 205.85 MB
2025-08-27 12:21:35,590 - INFO - Frame processed in 316.03 ms (FPS: 3.16), CPU: 11.2%, Memory: 205.85 MB
2025-08-27 12:21:35,622 - INFO - Frame processed in 15.94 ms (FPS: 62.73), CPU: 2.6%, Memory: 205.85 MB
2025-08-27 12:21:35,658 - INFO - Frame processed in 19.67 ms (FPS: 50.85), CPU: 33.3%, Memory: 205.85 MB
2025-08-27 12:21:35,686 - INFO - Frame processed in 15.97 ms (FPS: 62.63), CPU: 7.7%, Memory: 205.85 MB
2025-08-27 12:21:35,720 - INFO - Frame processed in 17.56 ms (FPS: 56.95), CPU: 3.6%, Memory: 205.85 MB
2025-08-27 12:21:35,755 - INFO - Frame processed in 21.89 ms (FPS: 45.69), CPU: 2.9%, Memory: 205.85 MB
2025-08-27 12:21:35,783 - INFO - Frame processed in 17.79 ms (FPS: 56.21), CPU: 1.1%, Memory: 205.85 MB
2025-08-27 12:21:35,813 - INFO - Frame processed in 16.06 ms (FPS: 62.28), CPU: 14.3%, Memory: 205.85 MB
2025-08-27 12:21:35,845 - INFO - Frame processed in 15.85 ms (FPS: 63.08), CPU: 2.2%, Memory: 205.85 MB
2025-08-27 12:21:35,883 - INFO - Frame processed in 17.81 ms (FPS: 56.15), CPU: 3.2%, Memory: 205.85 MB
2025-08-27 12:21:35,908 - INFO - Frame processed in 15.29 ms (FPS: 65.39), CPU: 4.5%, Memory: 205.85 MB
2025-08-27 12:21:35,940 - INFO - Frame processed in 15.79 ms (FPS: 63.33), CPU: 2.9%, Memory: 205.85 MB
2025-08-27 12:21:35,975 - INFO - Frame processed in 19.84 ms (FPS: 50.40), CPU: 3.4%, Memory: 205.85 MB
2025-08-27 12:21:36,008 - INFO - Frame processed in 20.62 ms (FPS: 48.49), CPU: 15.6%, Memory: 205.85 MB
2025-08-27 12:21:36,041 - INFO - Frame processed in 22.05 ms (FPS: 45.36), CPU: 22.4%, Memory: 205.85 MB
2025-08-27 12:21:36,073 - INFO - Frame processed in 21.81 ms (FPS: 45.86), CPU: 13.0%, Memory: 205.85 MB
2025-08-27 12:21:36,099 - INFO - Frame processed in 15.86 ms (FPS: 63.04), CPU: 11.1%, Memory: 205.85 MB
2025-08-27 12:21:36,131 - INFO - Frame processed in 15.81 ms (FPS: 63.25), CPU: 5.4%, Memory: 205.85 MB
2025-08-27 12:21:36,172 - INFO - Frame processed in 25.78 ms (FPS: 38.80), CPU: 10.3%, Memory: 205.85 MB
2025-08-27 12:21:36,500 - INFO - Attendance marked for dhanush
2025-08-27 12:21:36,500 - INFO - Frame processed in 322.42 ms (FPS: 3.10), CPU: 11.7%, Memory: 205.91 MB
2025-08-27 12:21:36,809 - INFO - Frame processed in 298.59 ms (FPS: 3.35), CPU: 7.7%, Memory: 205.93 MB
2025-08-27 12:21:36,843 - INFO - Frame processed in 15.73 ms (FPS: 63.55), CPU: 2.7%, Memory: 205.93 MB
2025-08-27 12:21:36,874 - INFO - Frame processed in 15.68 ms (FPS: 63.78), CPU: 3.2%, Memory: 205.93 MB
2025-08-27 12:21:36,913 - INFO - Frame processed in 21.06 ms (FPS: 47.48), CPU: 0.9%, Memory: 205.93 MB
2025-08-27 12:21:36,937 - INFO - Frame processed in 16.02 ms (FPS: 62.44), CPU: 4.0%, Memory: 205.93 MB
2025-08-27 12:21:36,973 - INFO - Frame processed in 19.80 ms (FPS: 50.51), CPU: 4.0%, Memory: 205.93 MB
2025-08-27 12:21:37,005 - INFO - Frame processed in 19.71 ms (FPS: 50.74), CPU: 2.7%, Memory: 205.93 MB
2025-08-27 12:21:37,318 - INFO - Frame processed in 301.04 ms (FPS: 3.32), CPU: 8.5%, Memory: 205.93 MB
2025-08-27 12:21:37,635 - INFO - Frame processed in 300.31 ms (FPS: 3.33), CPU: 13.1%, Memory: 205.93 MB
2025-08-27 12:21:37,971 - INFO - Frame processed in 320.35 ms (FPS: 3.12), CPU: 6.6%, Memory: 204.76 MB
2025-08-27 12:21:38,283 - INFO - Frame processed in 299.88 ms (FPS: 3.33), CPU: 10.8%, Memory: 204.69 MB
2025-08-27 12:21:38,592 - INFO - Frame processed in 293.75 ms (FPS: 3.40), CPU: 7.2%, Memory: 204.69 MB
2025-08-27 12:21:38,906 - INFO - Frame processed in 305.48 ms (FPS: 3.27), CPU: 100.0%, Memory: 204.69 MB
2025-08-27 12:21:39,229 - INFO - Frame processed in 314.29 ms (FPS: 3.18), CPU: 3.8%, Memory: 204.69 MB
2025-08-27 12:21:39,529 - INFO - Frame processed in 294.09 ms (FPS: 3.40), CPU: 14.4%, Memory: 204.69 MB
2025-08-27 12:21:39,816 - INFO - Frame processed in 282.37 ms (FPS: 3.54), CPU: 11.9%, Memory: 204.69 MB
2025-08-27 12:21:40,135 - INFO - Frame processed in 301.68 ms (FPS: 3.31), CPU: 15.1%, Memory: 204.69 MB
2025-08-27 12:21:40,444 - INFO - Frame processed in 293.22 ms (FPS: 3.41), CPU: 6.9%, Memory: 204.69 MB
2025-08-27 12:21:40,732 - INFO - Frame processed in 285.69 ms (FPS: 3.50), CPU: 11.9%, Memory: 204.67 MB
2025-08-27 12:21:41,060 - INFO - Frame processed in 322.16 ms (FPS: 3.10), CPU: 11.1%, Memory: 204.67 MB
2025-08-27 12:21:41,380 - INFO - Frame processed in 303.15 ms (FPS: 3.30), CPU: 10.4%, Memory: 204.67 MB
2025-08-27 12:21:41,715 - INFO - Frame processed in 319.51 ms (FPS: 3.13), CPU: 11.6%, Memory: 204.67 MB
2025-08-27 12:21:42,049 - INFO - Application closed
2025-08-27 12:34:45,545 - INFO - Loaded encoding for ajith.jpg
2025-08-27 12:34:45,842 - INFO - Loaded encoding for dhanush.jpg
2025-08-27 12:34:46,129 - INFO - Loaded encoding for surya.jpg
2025-08-27 12:34:46,780 - INFO - Loaded encoding for vijay.jpg
2025-08-27 12:34:47,968 - INFO - Camera opened successfully
2025-08-27 12:34:48,269 - INFO - Frame processed in 301.53 ms (FPS: 3.32), CPU: 11.8%, Memory: 197.21 MB
2025-08-27 12:34:48,367 - INFO - Frame processed in 34.53 ms (FPS: 28.96), CPU: 60.4%, Memory: 204.59 MB
2025-08-27 12:34:48,398 - INFO - Frame processed in 31.29 ms (FPS: 31.95), CPU: 48.8%, Memory: 204.78 MB
2025-08-27 12:34:48,433 - INFO - Frame processed in 35.29 ms (FPS: 28.34), CPU: 35.5%, Memory: 204.80 MB
2025-08-27 12:34:48,445 - INFO - Frame processed in 11.82 ms (FPS: 84.61), CPU: 37.0%, Memory: 204.83 MB
2025-08-27 12:34:48,477 - INFO - Frame processed in 15.68 ms (FPS: 63.79), CPU: 23.8%, Memory: 204.93 MB
2025-08-27 12:34:48,508 - INFO - Frame processed in 15.77 ms (FPS: 63.43), CPU: 33.3%, Memory: 204.97 MB
2025-08-27 12:34:48,524 - INFO - Frame processed in 0.00 ms (FPS: 0.00), CPU: 21.4%, Memory: 204.97 MB
2025-08-27 12:34:48,540 - INFO - Frame processed in 0.00 ms (FPS: 0.00), CPU: 22.2%, Memory: 204.98 MB
2025-08-27 12:34:48,587 - INFO - Frame processed in 15.97 ms (FPS: 62.64), CPU: 19.4%, Memory: 204.98 MB
2025-08-27 12:34:48,618 - INFO - Frame processed in 15.14 ms (FPS: 66.06), CPU: 23.8%, Memory: 204.98 MB
2025-08-27 12:34:48,656 - INFO - Frame processed in 21.78 ms (FPS: 45.92), CPU: 50.0%, Memory: 204.98 MB
2025-08-27 12:34:48,685 - INFO - Frame processed in 19.01 ms (FPS: 52.59), CPU: 17.9%, Memory: 204.98 MB
2025-08-27 12:34:48,714 - INFO - Frame processed in 16.08 ms (FPS: 62.19), CPU: 18.8%, Memory: 204.98 MB
2025-08-27 12:34:48,762 - INFO - Frame processed in 31.80 ms (FPS: 31.45), CPU: 20.8%, Memory: 204.98 MB
2025-08-27 12:34:48,795 - INFO - Frame processed in 15.15 ms (FPS: 66.03), CPU: 29.2%, Memory: 204.98 MB
2025-08-27 12:34:48,834 - INFO - Frame processed in 25.72 ms (FPS: 38.88), CPU: 26.7%, Memory: 204.98 MB
2025-08-27 12:34:48,860 - INFO - Frame processed in 24.85 ms (FPS: 40.24), CPU: 30.8%, Memory: 204.98 MB
2025-08-27 12:34:48,893 - INFO - Frame processed in 29.67 ms (FPS: 33.71), CPU: 25.9%, Memory: 204.98 MB
2025-08-27 12:34:48,935 - INFO - Frame processed in 35.74 ms (FPS: 27.98), CPU: 31.1%, Memory: 204.98 MB
2025-08-27 12:34:48,957 - INFO - Frame processed in 15.97 ms (FPS: 62.62), CPU: 31.6%, Memory: 204.98 MB
2025-08-27 12:34:48,989 - INFO - Frame processed in 28.56 ms (FPS: 35.02), CPU: 11.8%, Memory: 204.98 MB
2025-08-27 12:34:49,016 - INFO - Frame processed in 20.17 ms (FPS: 49.58), CPU: 36.1%, Memory: 204.98 MB
2025-08-27 12:34:49,051 - INFO - Frame processed in 21.06 ms (FPS: 47.49), CPU: 16.3%, Memory: 204.98 MB
2025-08-27 12:34:49,085 - INFO - Frame processed in 27.67 ms (FPS: 36.14), CPU: 20.8%, Memory: 204.98 MB
2025-08-27 12:34:49,113 - INFO - Frame processed in 20.87 ms (FPS: 47.91), CPU: 24.1%, Memory: 204.98 MB
2025-08-27 12:34:49,161 - INFO - Frame processed in 41.93 ms (FPS: 23.85), CPU: 9.3%, Memory: 204.98 MB
2025-08-27 12:34:49,195 - INFO - Frame processed in 27.19 ms (FPS: 36.78), CPU: 8.3%, Memory: 204.98 MB
2025-08-27 12:34:49,224 - INFO - Frame processed in 20.90 ms (FPS: 47.84), CPU: 19.2%, Memory: 204.98 MB
2025-08-27 12:34:49,271 - INFO - Frame processed in 32.45 ms (FPS: 30.82), CPU: 20.9%, Memory: 204.98 MB
2025-08-27 12:34:49,301 - INFO - Frame processed in 20.77 ms (FPS: 48.14), CPU: 19.0%, Memory: 204.98 MB
2025-08-27 12:34:49,345 - INFO - Frame processed in 44.27 ms (FPS: 22.59), CPU: 31.4%, Memory: 204.98 MB
2025-08-27 12:34:49,392 - INFO - Frame processed in 42.69 ms (FPS: 23.42), CPU: 61.5%, Memory: 204.98 MB
2025-08-27 12:34:49,433 - INFO - Frame processed in 38.39 ms (FPS: 26.05), CPU: 24.4%, Memory: 204.98 MB
2025-08-27 12:34:49,474 - INFO - Frame processed in 40.17 ms (FPS: 24.89), CPU: 28.6%, Memory: 204.98 MB
2025-08-27 12:34:49,495 - INFO - Frame processed in 20.98 ms (FPS: 47.67), CPU: 12.5%, Memory: 204.98 MB
2025-08-27 12:34:49,523 - INFO - Frame processed in 19.33 ms (FPS: 51.75), CPU: 13.0%, Memory: 204.98 MB
2025-08-27 12:34:49,558 - INFO - Frame processed in 27.82 ms (FPS: 35.95), CPU: 10.5%, Memory: 204.98 MB
2025-08-27 12:34:49,599 - INFO - Frame processed in 33.80 ms (FPS: 29.59), CPU: 8.7%, Memory: 204.98 MB
2025-08-27 12:34:49,634 - INFO - Frame processed in 20.41 ms (FPS: 49.01), CPU: 13.3%, Memory: 204.98 MB
2025-08-27 12:34:49,669 - INFO - Frame processed in 20.01 ms (FPS: 49.98), CPU: 25.0%, Memory: 205.00 MB
2025-08-27 12:34:49,704 - INFO - Frame processed in 20.96 ms (FPS: 47.72), CPU: 13.3%, Memory: 205.00 MB
2025-08-27 12:34:49,724 - INFO - Frame processed in 13.88 ms (FPS: 72.06), CPU: 9.1%, Memory: 205.00 MB
2025-08-27 12:34:49,762 - INFO - Frame processed in 23.23 ms (FPS: 43.05), CPU: 100.0%, Memory: 205.00 MB
2025-08-27 12:34:49,800 - INFO - Frame processed in 34.11 ms (FPS: 29.32), CPU: 2.2%, Memory: 205.00 MB
2025-08-27 12:34:50,132 - INFO - Frame processed in 317.64 ms (FPS: 3.15), CPU: 11.1%, Memory: 206.44 MB
2025-08-27 12:34:50,435 - INFO - Frame processed in 287.35 ms (FPS: 3.48), CPU: 13.4%, Memory: 206.44 MB
2025-08-27 12:34:50,753 - INFO - Frame processed in 301.69 ms (FPS: 3.31), CPU: 13.7%, Memory: 206.44 MB
2025-08-27 12:34:51,105 - INFO - Frame processed in 335.62 ms (FPS: 2.98), CPU: 5.1%, Memory: 206.44 MB
2025-08-27 12:34:51,422 - INFO - Frame processed in 300.99 ms (FPS: 3.32), CPU: 11.2%, Memory: 206.44 MB
2025-08-27 12:34:51,723 - INFO - Frame processed in 269.23 ms (FPS: 3.71), CPU: 13.6%, Memory: 206.44 MB
2025-08-27 12:34:52,058 - INFO - Frame processed in 319.49 ms (FPS: 3.13), CPU: 12.6%, Memory: 206.44 MB
2025-08-27 12:34:52,393 - INFO - Frame processed in 319.12 ms (FPS: 3.13), CPU: 6.2%, Memory: 206.44 MB
2025-08-27 12:34:52,711 - INFO - Frame processed in 301.80 ms (FPS: 3.31), CPU: 9.7%, Memory: 206.44 MB
2025-08-27 12:34:53,044 - INFO - Frame processed in 301.57 ms (FPS: 3.32), CPU: 10.6%, Memory: 206.44 MB
2025-08-27 12:34:53,347 - INFO - Frame processed in 287.09 ms (FPS: 3.48), CPU: 11.1%, Memory: 206.44 MB
2025-08-27 12:34:53,650 - INFO - Frame processed in 287.11 ms (FPS: 3.48), CPU: 9.2%, Memory: 206.44 MB
2025-08-27 12:34:53,949 - INFO - Frame processed in 284.45 ms (FPS: 3.52), CPU: 11.6%, Memory: 206.44 MB
2025-08-27 12:34:54,271 - INFO - Frame processed in 305.85 ms (FPS: 3.27), CPU: 9.6%, Memory: 206.44 MB
2025-08-27 12:34:54,571 - INFO - Frame processed in 286.84 ms (FPS: 3.49), CPU: 9.9%, Memory: 206.44 MB
2025-08-27 12:34:54,874 - INFO - Frame processed in 287.06 ms (FPS: 3.48), CPU: 9.8%, Memory: 206.44 MB
2025-08-27 12:34:55,210 - INFO - Frame processed in 320.02 ms (FPS: 3.12), CPU: 13.9%, Memory: 206.44 MB
2025-08-27 12:34:55,524 - INFO - Frame processed in 298.38 ms (FPS: 3.35), CPU: 8.3%, Memory: 206.44 MB
2025-08-27 12:34:55,847 - INFO - Frame processed in 304.85 ms (FPS: 3.28), CPU: 12.1%, Memory: 206.44 MB
2025-08-27 12:34:55,871 - INFO - Frame processed in 12.04 ms (FPS: 83.04), CPU: 8.3%, Memory: 206.44 MB
2025-08-27 12:34:55,906 - INFO - Frame processed in 31.68 ms (FPS: 31.56), CPU: 2.8%, Memory: 206.44 MB
2025-08-27 12:34:55,953 - INFO - Frame processed in 31.73 ms (FPS: 31.51), CPU: 1.7%, Memory: 206.44 MB
2025-08-27 12:34:55,987 - INFO - Frame processed in 18.05 ms (FPS: 55.40), CPU: 14.3%, Memory: 206.44 MB
2025-08-27 12:34:56,017 - INFO - Frame processed in 15.99 ms (FPS: 62.53), CPU: 2.8%, Memory: 206.44 MB
2025-08-27 12:34:56,053 - INFO - Frame processed in 20.01 ms (FPS: 49.97), CPU: 50.0%, Memory: 206.44 MB
2025-08-27 12:34:56,080 - INFO - Frame processed in 15.67 ms (FPS: 63.81), CPU: 100.0%, Memory: 206.44 MB
2025-08-27 12:34:56,111 - INFO - Frame processed in 15.66 ms (FPS: 63.85), CPU: 0.2%, Memory: 206.44 MB
2025-08-27 12:34:56,143 - INFO - Frame processed in 15.88 ms (FPS: 62.99), CPU: 3.3%, Memory: 206.44 MB
2025-08-27 12:34:56,206 - INFO - Frame processed in 47.72 ms (FPS: 20.96), CPU: 5.2%, Memory: 206.44 MB
2025-08-27 12:34:56,238 - INFO - Frame processed in 15.81 ms (FPS: 63.27), CPU: 3.6%, Memory: 206.44 MB
2025-08-27 12:34:56,270 - INFO - Frame processed in 15.93 ms (FPS: 62.78), CPU: 3.1%, Memory: 206.44 MB
2025-08-27 12:34:56,304 - INFO - Frame processed in 17.59 ms (FPS: 56.84), CPU: 5.6%, Memory: 206.44 MB
2025-08-27 12:34:56,334 - INFO - Frame processed in 15.97 ms (FPS: 62.62), CPU: 3.2%, Memory: 206.44 MB
2025-08-27 12:34:56,375 - INFO - Frame processed in 19.75 ms (FPS: 50.64), CPU: 20.5%, Memory: 206.44 MB
2025-08-27 12:34:56,397 - INFO - Frame processed in 15.22 ms (FPS: 65.69), CPU: 11.5%, Memory: 206.44 MB
2025-08-27 12:34:56,429 - INFO - Frame processed in 15.80 ms (FPS: 63.30), CPU: 20.6%, Memory: 206.44 MB
2025-08-27 12:34:56,464 - INFO - Frame processed in 19.79 ms (FPS: 50.53), CPU: 9.4%, Memory: 206.44 MB
2025-08-27 12:34:56,497 - INFO - Frame processed in 20.30 ms (FPS: 49.27), CPU: 33.3%, Memory: 206.44 MB
2025-08-27 12:34:56,526 - INFO - Frame processed in 17.79 ms (FPS: 56.22), CPU: 16.1%, Memory: 206.44 MB
2025-08-27 12:34:56,561 - INFO - Frame processed in 20.95 ms (FPS: 47.73), CPU: 20.0%, Memory: 206.44 MB
2025-08-27 12:34:56,604 - INFO - Frame processed in 32.07 ms (FPS: 31.18), CPU: 6.9%, Memory: 206.44 MB
2025-08-27 12:34:56,937 - INFO - Attendance marked for dhanush
2025-08-27 12:34:56,937 - INFO - Frame processed in 300.90 ms (FPS: 3.32), CPU: 10.0%, Memory: 206.41 MB
2025-08-27 12:34:57,238 - INFO - Frame processed in 285.20 ms (FPS: 3.51), CPU: 9.9%, Memory: 206.58 MB
2025-08-27 12:34:57,555 - INFO - Frame processed in 301.08 ms (FPS: 3.32), CPU: 12.1%, Memory: 206.68 MB
2025-08-27 12:34:57,876 - INFO - Frame processed in 302.91 ms (FPS: 3.30), CPU: 5.5%, Memory: 206.68 MB
2025-08-27 12:34:58,158 - INFO - Frame processed in 269.49 ms (FPS: 3.71), CPU: 9.1%, Memory: 206.68 MB
2025-08-27 12:34:58,442 - INFO - Frame processed in 268.54 ms (FPS: 3.72), CPU: 8.7%, Memory: 206.68 MB
2025-08-27 12:34:58,730 - INFO - Frame processed in 272.11 ms (FPS: 3.68), CPU: 10.0%, Memory: 206.68 MB
2025-08-27 12:34:59,040 - INFO - Frame processed in 298.16 ms (FPS: 3.35), CPU: 8.5%, Memory: 206.68 MB
2025-08-27 12:34:59,343 - INFO - Frame processed in 284.55 ms (FPS: 3.51), CPU: 17.9%, Memory: 206.68 MB
2025-08-27 12:34:59,673 - INFO - Frame processed in 298.46 ms (FPS: 3.35), CPU: 9.5%, Memory: 206.68 MB
2025-08-27 12:35:00,005 - INFO - Application closed
